<?xml version="1.0" encoding="UTF-8"?>
<!-- Generated by org.testng.reporters.JUnitReportReporter -->
<testsuite hostname="JKGUPTA" failures="0" tests="2" name="Extent_Report.Generate_ExtentReport" time="11.697" errors="0" timestamp="2024-04-25T12:25:17 IST" skipped="0">
  <testcase classname="Extent_Report.Generate_ExtentReport" name="testPass" time="7.976"/>
  <testcase classname="Extent_Report.Generate_ExtentReport" name="testfail" time="3.721"/>
</testsuite> <!-- Extent_Report.Generate_ExtentReport -->
